Build started 09/02/2015 10:54:52 م.
     1>Project "D:\WIP Projects\HandRecognition\HandRecognition.vcxproj" on node 2 (Build target(s)).
     1>ClCompile:
         C:\Program Files (x86)\Microsoft Visual Studio 12.0\VC\bin\CL.exe /c /IC:\OpenCV\build\include /ZI /nologo /W3 /WX- /sdl /Od /Oy- /D WIN32 /D _DEBUG /D _CONSOLE /D _LIB /D _UNICODE /D UNICODE /Gm /EHsc /RTC1 /MDd /GS /fp:precise /Zc:wchar_t /Zc:forScope /Fo"Debug\\" /Fd"Debug\vc120.pdb" /Gd /TP /analyze- /errorReport:prompt HandDetector.cpp
         HandDetector.cpp
     1>d:\wip projects\handrecognition\handdetector.cpp(20): warning C4018: '<' : signed/unsigned mismatch
     1>d:\wip projects\handrecognition\handdetector.cpp(31): warning C4244: 'initializing' : conversion from 'double' to 'float', possible loss of data
     1>d:\wip projects\handrecognition\handdetector.cpp(37): warning C4244: 'initializing' : conversion from 'int' to 'float', possible loss of data
     1>d:\wip projects\handrecognition\handdetector.cpp(39): warning C4244: '=' : conversion from 'double' to 'float', possible loss of data
     1>d:\wip projects\handrecognition\handdetector.cpp(45): warning C4244: 'initializing' : conversion from 'int' to 'float', possible loss of data
     1>d:\wip projects\handrecognition\handdetector.cpp(48): warning C4018: '<' : signed/unsigned mismatch
     1>d:\wip projects\handrecognition\handdetector.cpp(49): warning C4018: '<' : signed/unsigned mismatch
     1>d:\wip projects\handrecognition\handdetector.cpp(46): warning C4101: 'faridx' : unreferenced local variable
     1>d:\wip projects\handrecognition\handdetector.cpp(44): warning C4101: 'avgY' : unreferenced local variable
     1>d:\wip projects\handrecognition\handdetector.cpp(44): warning C4101: 'avgX' : unreferenced local variable
     1>d:\wip projects\handrecognition\handdetector.cpp(107): warning C4244: 'initializing' : conversion from 'double' to 'float', possible loss of data
     1>d:\wip projects\handrecognition\handdetector.cpp(120): warning C4244: 'initializing' : conversion from 'int' to 'float', possible loss of data
     1>d:\wip projects\handrecognition\handdetector.cpp(140): warning C4018: '<' : signed/unsigned mismatch
     1>d:\wip projects\handrecognition\handdetector.cpp(144): warning C4018: '<' : signed/unsigned mismatch
     1>d:\wip projects\handrecognition\handdetector.cpp(162): warning C4018: '<' : signed/unsigned mismatch
     1>d:\wip projects\handrecognition\handdetector.cpp(202): warning C4018: '<' : signed/unsigned mismatch
     1>d:\wip projects\handrecognition\handdetector.cpp(204): warning C4018: '<' : signed/unsigned mismatch
     1>d:\wip projects\handrecognition\handdetector.cpp(216): warning C4018: '<' : signed/unsigned mismatch
       Link:
         C:\Program Files (x86)\Microsoft Visual Studio 12.0\VC\bin\link.exe /ERRORREPORT:PROMPT /OUT:"D:\WIP Projects\HandRecognition\Debug\HandRecognition.exe" /INCREMENTAL /NOLOGO /LIBPATH:C:\OpenCV\build\x86\vc11\lib opencv_calib3d249d.lib opencv_contrib249d.lib opencv_core249d.lib opencv_features2d249d.lib opencv_flann249d.lib opencv_gpu249d.lib opencv_highgui249d.lib opencv_imgproc249d.lib opencv_legacy249d.lib opencv_ml249d.lib opencv_nonfree249d.lib opencv_objdetect249d.lib opencv_photo249d.lib opencv_stitching249d.lib opencv_superres249d.lib opencv_ts249d.lib opencv_video249d.lib opencv_videostab249d.lib kernel32.lib user32.lib gdi32.lib winspool.lib comdlg32.lib advapi32.lib shell32.lib ole32.lib oleaut32.lib uuid.lib odbc32.lib odbccp32.lib /MANIFEST /MANIFESTUAC:"level='asInvoker' uiAccess='false'" /manifest:embed /DEBUG /PDB:"D:\WIP Projects\HandRecognition\Debug\HandRecognition.pdb" /SUBSYSTEM:CONSOLE /TLBID:1 /DYNAMICBASE /NXCOMPAT /IMPLIB:"D:\WIP Projects\HandRecognition\Debug\HandRecognition.lib" /MACHINE:X86 Debug\HandDetector.obj
         Debug\HR_Main.obj
         Debug\main.obj
         Debug\TrafficOfficer.obj
         Debug\Window.obj
         Debug\WindowManager.obj
         HandRecognition.vcxproj -> D:\WIP Projects\HandRecognition\Debug\HandRecognition.exe
     1>Done Building Project "D:\WIP Projects\HandRecognition\HandRecognition.vcxproj" (Build target(s)).

Build succeeded.

Time Elapsed 00:00:03.18
