Build started 12/12/2014 05:02:22 م.
     1>Project "D:\WIP Projects\HandRecognition\HandRecognition.vcxproj" on node 2 (Build target(s)).
     1>ClCompile:
         C:\Program Files (x86)\Microsoft Visual Studio 12.0\VC\bin\CL.exe /c /IC:\OpenCV\build\include /Zi /nologo /W3 /WX- /sdl /O2 /Oi /Oy- /GL /D WIN32 /D NDEBUG /D _CONSOLE /D _LIB /D _UNICODE /D UNICODE /Gm- /EHsc /MD /GS /Gy /fp:precise /Zc:wchar_t /Zc:forScope /Fo"Release\\" /Fd"Release\vc120.pdb" /Gd /TP /analyze- /errorReport:prompt HR_Main.cpp main.cpp TrafficOfficer.cpp Window.cpp WindowManager.cpp
         HR_Main.cpp
     1>HR_Main.cpp(29): warning C4244: '=' : conversion from 'double' to 'int', possible loss of data
     1>HR_Main.cpp(30): warning C4244: '=' : conversion from 'double' to 'int', possible loss of data
         main.cpp
         TrafficOfficer.cpp
         Window.cpp
         WindowManager.cpp
       Link:
         C:\Program Files (x86)\Microsoft Visual Studio 12.0\VC\bin\link.exe /ERRORREPORT:PROMPT /OUT:"D:\WIP Projects\HandRecognition\Release\HandRecognition.exe" /INCREMENTAL:NO /NOLOGO /LIBPATH:C:\OpenCV\build\x86\vc11\lib opencv_calib3d249.lib opencv_contrib249.lib opencv_core249.lib opencv_features2d249.lib opencv_flann249.lib opencv_gpu249.lib opencv_haartraining_engined.lib opencv_highgui249.lib opencv_imgproc249.lib opencv_legacy249.lib opencv_ml249.lib opencv_nonfree249.lib opencv_objdetect249.lib opencv_photo249.lib opencv_stitching249.lib opencv_superres249.lib opencv_ts249.lib opencv_video249.lib opencv_videostab249.lib kernel32.lib user32.lib gdi32.lib winspool.lib comdlg32.lib advapi32.lib shell32.lib ole32.lib oleaut32.lib uuid.lib odbc32.lib odbccp32.lib /MANIFEST /MANIFESTUAC:"level='asInvoker' uiAccess='false'" /manifest:embed /DEBUG /PDB:"D:\WIP Projects\HandRecognition\Release\HandRecognition.pdb" /SUBSYSTEM:CONSOLE /OPT:REF /OPT:ICF /LTCG /TLBID:1 /DYNAMICBASE /NXCOMPAT /IMPLIB:"D:\WIP Projects\HandRecognition\Release\HandRecognition.lib" /MACHINE:X86 /SAFESEH Release\HR_Main.obj
         Release\main.obj
         Release\TrafficOfficer.obj
         Release\Window.obj
         Release\WindowManager.obj
     1>LINK : fatal error LNK1181: cannot open input file 'opencv_haartraining_engined.lib'
     1>Done Building Project "D:\WIP Projects\HandRecognition\HandRecognition.vcxproj" (Build target(s)) -- FAILED.

Build FAILED.

Time Elapsed 00:00:04.66
